mode: set
propwg/common/util.go:11.39,13.2 1 0
propwg/examples/integration_example.go:16.13,37.16 7 0
propwg/examples/integration_example.go:37.16,40.46 3 0
propwg/examples/integration_example.go:40.46,42.29 1 0
propwg/examples/integration_example.go:43.53,44.36 1 0
propwg/examples/integration_example.go:45.53,46.36 1 0
propwg/examples/integration_example.go:47.12,48.36 1 0
propwg/examples/integration_example.go:52.2,52.68 1 0
propwg/common/util.go:11.39,13.2 1 1
propwg/service/activate.go:12.118,17.16 3 1
propwg/service/activate.go:17.16,19.3 1 1
propwg/service/activate.go:21.2,24.16 3 1
propwg/service/activate.go:24.16,32.3 3 1
propwg/service/activate.go:33.2,33.31 1 1
propwg/service/activate_port.go:12.127,17.16 3 1
propwg/service/activate_port.go:17.16,20.3 2 1
propwg/service/activate_port.go:22.2,25.16 3 1
propwg/service/activate_port.go:25.16,33.3 3 1
propwg/service/activate_port.go:34.2,34.37 1 1
propwg/service/adjust_balance.go:12.151,17.16 3 1
propwg/service/adjust_balance.go:17.16,20.3 2 1
propwg/service/adjust_balance.go:22.2,25.16 3 1
propwg/service/adjust_balance.go:25.16,33.3 3 1
propwg/service/adjust_balance.go:34.2,34.45 1 1
propwg/service/adjust_balance.go:38.157,43.16 3 1
propwg/service/adjust_balance.go:43.16,46.3 2 1
propwg/service/adjust_balance.go:48.2,51.16 3 1
propwg/service/adjust_balance.go:51.16,59.3 3 1
propwg/service/adjust_balance.go:60.2,60.44 1 1
propwg/service/auth.go:5.67,16.2 1 1
propwg/service/balance_information.go:12.148,17.16 3 1
propwg/service/balance_information.go:17.16,20.3 2 1
propwg/service/balance_information.go:22.2,25.16 3 1
propwg/service/balance_information.go:25.16,33.3 3 1
propwg/service/balance_information.go:34.2,34.41 1 1
propwg/service/balance_information.go:38.174,43.16 3 1
propwg/service/balance_information.go:43.16,46.3 2 1
propwg/service/balance_information.go:48.2,51.16 3 1
propwg/service/balance_information.go:51.16,59.3 3 1
propwg/service/balance_information.go:60.2,60.57 1 1
propwg/service/balance_information.go:64.176,69.16 3 1
propwg/service/balance_information.go:69.16,72.3 2 1
propwg/service/balance_information.go:74.2,77.16 3 1
propwg/service/balance_information.go:77.16,85.3 3 1
propwg/service/balance_information.go:86.2,86.58 1 1
propwg/service/cancel_device_location.go:12.154,17.16 3 1
propwg/service/cancel_device_location.go:17.16,20.3 2 1
propwg/service/cancel_device_location.go:22.2,25.16 3 1
propwg/service/cancel_device_location.go:25.16,33.3 3 1
propwg/service/cancel_device_location.go:34.2,34.43 1 1
propwg/service/cancel_port.go:12.130,17.16 3 1
propwg/service/cancel_port.go:17.16,20.3 2 1
propwg/service/cancel_port.go:22.2,25.16 3 1
propwg/service/cancel_port.go:25.16,33.3 3 1
propwg/service/cancel_port.go:34.2,34.35 1 1
propwg/service/cancel_purchase.go:12.136,17.16 3 1
propwg/service/cancel_purchase.go:17.16,20.3 2 1
propwg/service/cancel_purchase.go:22.2,25.16 3 1
propwg/service/cancel_purchase.go:25.16,33.3 3 1
propwg/service/cancel_purchase.go:34.2,34.37 1 1
propwg/service/change_plan.go:12.124,17.16 3 1
propwg/service/change_plan.go:17.16,20.3 2 1
propwg/service/change_plan.go:22.2,25.16 3 1
propwg/service/change_plan.go:25.16,33.3 3 1
propwg/service/change_plan.go:34.2,34.33 1 1
propwg/service/change_pwg_plan.go:12.145,17.16 3 1
propwg/service/change_pwg_plan.go:17.16,20.3 2 1
propwg/service/change_pwg_plan.go:22.2,25.16 3 1
propwg/service/change_pwg_plan.go:25.16,33.3 3 1
propwg/service/change_pwg_plan.go:34.2,34.40 1 1
propwg/service/change_voicemail_language.go:12.163,17.16 3 1
propwg/service/change_voicemail_language.go:17.16,20.3 2 1
propwg/service/change_voicemail_language.go:22.2,25.16 3 1
propwg/service/change_voicemail_language.go:25.16,33.3 3 1
propwg/service/change_voicemail_language.go:34.2,34.46 1 1
propwg/service/client.go:32.92,38.2 1 1
propwg/service/client.go:42.89,44.16 2 1
propwg/service/client.go:44.16,51.3 2 1
propwg/service/client.go:52.2,53.16 2 1
propwg/service/client.go:53.16,60.3 2 0
propwg/service/client.go:62.2,63.16 2 1
propwg/service/client.go:63.16,70.3 2 0
propwg/service/client.go:71.2,75.16 3 1
propwg/service/client.go:75.16,82.3 2 1
propwg/service/client.go:83.2,85.38 2 1
propwg/service/client.go:85.38,92.3 2 0
propwg/service/client.go:94.2,95.16 2 1
propwg/service/client.go:95.16,102.3 2 0
propwg/service/client.go:103.2,103.23 1 1
propwg/service/coverage_two.go:12.121,17.16 3 1
propwg/service/coverage_two.go:17.16,20.3 2 1
propwg/service/coverage_two.go:22.2,25.16 3 1
propwg/service/coverage_two.go:25.16,33.3 3 1
propwg/service/coverage_two.go:34.2,34.32 1 1
propwg/service/device_swap_notification.go:12.160,17.16 3 1
propwg/service/device_swap_notification.go:17.16,20.3 2 1
propwg/service/device_swap_notification.go:22.2,25.16 3 1
propwg/service/device_swap_notification.go:25.16,33.3 3 1
propwg/service/device_swap_notification.go:34.2,34.45 1 1
propwg/service/disconnect.go:12.124,17.16 3 1
propwg/service/disconnect.go:17.16,20.3 2 1
propwg/service/disconnect.go:22.2,25.16 3 1
propwg/service/disconnect.go:25.16,33.3 3 1
propwg/service/disconnect.go:34.2,34.33 1 1
propwg/service/esim_profile.go:12.127,17.16 3 1
propwg/service/esim_profile.go:17.16,20.3 2 1
propwg/service/esim_profile.go:22.2,25.16 3 1
propwg/service/esim_profile.go:25.16,33.3 3 1
propwg/service/esim_profile.go:34.2,34.34 1 1
propwg/service/get_add_new_line.go:12.124,17.16 3 1
propwg/service/get_add_new_line.go:17.16,20.3 2 1
propwg/service/get_add_new_line.go:22.2,25.16 3 1
propwg/service/get_add_new_line.go:25.16,33.3 3 1
propwg/service/get_add_new_line.go:34.2,34.33 1 1
propwg/service/get_add_wfc.go:12.112,17.16 3 1
propwg/service/get_add_wfc.go:17.16,20.3 2 1
propwg/service/get_add_wfc.go:22.2,25.16 3 1
propwg/service/get_add_wfc.go:25.16,33.3 3 1
propwg/service/get_add_wfc.go:34.2,34.29 1 1
propwg/service/get_coverage.go:12.118,17.16 3 1
propwg/service/get_coverage.go:17.16,19.3 1 1
propwg/service/get_coverage.go:21.2,24.16 3 1
propwg/service/get_coverage.go:24.16,32.3 3 1
propwg/service/get_coverage.go:33.2,33.31 1 1
propwg/service/modify_port.go:12.124,17.16 3 1
propwg/service/modify_port.go:17.16,20.3 2 1
propwg/service/modify_port.go:22.2,25.16 3 1
propwg/service/modify_port.go:25.16,33.3 3 1
propwg/service/modify_port.go:34.2,34.33 1 1
propwg/service/partner_port_validation.go:12.166,17.16 3 1
propwg/service/partner_port_validation.go:17.16,20.3 2 1
propwg/service/partner_port_validation.go:22.2,25.16 3 1
propwg/service/partner_port_validation.go:25.16,33.3 3 1
propwg/service/partner_port_validation.go:34.2,34.47 1 1
propwg/service/port_change_msisdn.go:12.160,17.16 3 1
propwg/service/port_change_msisdn.go:17.16,20.3 2 1
propwg/service/port_change_msisdn.go:22.2,25.16 3 1
propwg/service/port_change_msisdn.go:25.16,33.3 3 1
propwg/service/port_change_msisdn.go:34.2,34.45 1 1
propwg/service/purchase_plan.go:12.130,17.16 3 1
propwg/service/purchase_plan.go:17.16,20.3 2 1
propwg/service/purchase_plan.go:22.2,25.16 3 1
propwg/service/purchase_plan.go:25.16,33.3 3 1
propwg/service/purchase_plan.go:34.2,34.35 1 1
propwg/service/query_device_information.go:12.127,17.16 3 1
propwg/service/query_device_information.go:17.16,20.3 2 1
propwg/service/query_device_information.go:22.2,25.16 3 1
propwg/service/query_device_information.go:25.16,33.3 3 1
propwg/service/query_device_information.go:34.2,34.34 1 1
propwg/service/query_hlr.go:12.118,17.16 3 1
propwg/service/query_hlr.go:17.16,20.3 2 1
propwg/service/query_hlr.go:22.2,25.16 3 1
propwg/service/query_hlr.go:25.16,33.3 3 1
propwg/service/query_hlr.go:34.2,34.31 1 1
propwg/service/query_port_status.go:12.145,17.16 3 1
propwg/service/query_port_status.go:17.16,20.3 2 1
propwg/service/query_port_status.go:22.2,25.16 3 1
propwg/service/query_port_status.go:25.16,33.3 3 1
propwg/service/query_port_status.go:34.2,34.40 1 1
propwg/service/query_sim.go:12.118,17.16 3 1
propwg/service/query_sim.go:17.16,20.3 2 1
propwg/service/query_sim.go:22.2,25.16 3 1
propwg/service/query_sim.go:25.16,33.3 3 1
propwg/service/query_sim.go:34.2,34.31 1 1
propwg/service/query_usage.go:12.124,17.16 3 1
propwg/service/query_usage.go:17.16,20.3 2 1
propwg/service/query_usage.go:22.2,25.16 3 1
propwg/service/query_usage.go:25.16,33.3 3 1
propwg/service/query_usage.go:34.2,34.33 1 1
propwg/service/reconnect.go:12.121,17.16 3 1
propwg/service/reconnect.go:17.16,20.3 2 1
propwg/service/reconnect.go:22.2,25.16 3 1
propwg/service/reconnect.go:25.16,33.3 3 1
propwg/service/reconnect.go:34.2,34.32 1 1
propwg/service/remove_hotline.go:12.133,17.16 3 1
propwg/service/remove_hotline.go:17.16,20.3 2 1
propwg/service/remove_hotline.go:22.2,25.16 3 1
propwg/service/remove_hotline.go:25.16,33.3 3 1
propwg/service/remove_hotline.go:34.2,34.36 1 1
propwg/service/remove_line.go:12.124,17.16 3 1
propwg/service/remove_line.go:17.16,20.3 2 1
propwg/service/remove_line.go:22.2,25.16 3 1
propwg/service/remove_line.go:25.16,33.3 3 1
propwg/service/remove_line.go:34.2,34.33 1 1
propwg/service/request_new_swap_esn.go:12.145,17.16 3 1
propwg/service/request_new_swap_esn.go:17.16,20.3 2 1
propwg/service/request_new_swap_esn.go:22.2,25.16 3 1
propwg/service/request_new_swap_esn.go:25.16,33.3 3 1
propwg/service/request_new_swap_esn.go:34.2,34.40 1 1
propwg/service/request_new_swap_mdn.go:12.145,17.16 3 1
propwg/service/request_new_swap_mdn.go:17.16,20.3 2 1
propwg/service/request_new_swap_mdn.go:22.2,25.16 3 1
propwg/service/request_new_swap_mdn.go:25.16,33.3 3 1
propwg/service/request_new_swap_mdn.go:34.2,34.40 1 1
propwg/service/service_information.go:12.148,17.16 3 1
propwg/service/service_information.go:17.16,20.3 2 1
propwg/service/service_information.go:22.2,25.16 3 1
propwg/service/service_information.go:25.16,33.3 3 1
propwg/service/service_information.go:34.2,34.41 1 1
propwg/service/update_address.go:12.133,17.16 3 1
propwg/service/update_address.go:17.16,20.3 2 1
propwg/service/update_address.go:22.2,25.16 3 1
propwg/service/update_address.go:25.16,33.3 3 1
propwg/service/update_address.go:34.2,34.36 1 1
propwg/service/validate_port.go:12.130,17.16 3 1
propwg/service/validate_port.go:17.16,20.3 2 1
propwg/service/validate_port.go:22.2,25.16 3 1
propwg/service/validate_port.go:25.16,33.3 3 1
propwg/service/validate_port.go:34.2,34.35 1 1
propwg/service/validate_port_eligibility.go:12.172,17.16 3 1
propwg/service/validate_port_eligibility.go:17.16,20.3 2 1
propwg/service/validate_port_eligibility.go:22.2,25.16 3 1
propwg/service/validate_port_eligibility.go:25.16,33.3 3 1
propwg/service/validate_port_eligibility.go:34.2,34.49 1 1
propwg/service/voicemail_password_reset.go:12.160,17.16 3 1
propwg/service/voicemail_password_reset.go:17.16,20.3 2 1
propwg/service/voicemail_password_reset.go:22.2,25.16 3 1
propwg/service/voicemail_password_reset.go:25.16,33.3 3 1
propwg/service/voicemail_password_reset.go:34.2,34.45 1 1
propwg/service/wireless_hotline.go:12.139,17.16 3 1
propwg/service/wireless_hotline.go:17.16,20.3 2 1
propwg/service/wireless_hotline.go:22.2,25.16 3 1
propwg/service/wireless_hotline.go:25.16,33.3 3 1
propwg/service/wireless_hotline.go:34.2,34.38 1 1
